<?xml version="1.0" encoding="UTF-8"?>
<!-- Generated by org.testng.reporters.JUnitReportReporter -->
<testsuite hostname="RAJI-DELL" failures="0" tests="1" name="test.AddContactTest" time="5.324" errors="0" timestamp="2022-05-21T09:05:44 CDT" skipped="0">
  <testcase classname="test.AddContactTest" name="validUserShouldbeAbletoLogin" time="5.324"/>
  <system-out/>
</testsuite> <!-- test.AddContactTest -->
