<?xml version="1.0" encoding="UTF-8"?>
<!-- Generated by org.testng.reporters.JUnitReportReporter -->
<testsuite hostname="RAJI-DELL" failures="0" tests="1" name="test.LoginTest" time="4.117" errors="0" timestamp="2022-05-18T22:14:43 CDT" skipped="0">
  <testcase classname="test.LoginTest" name="validUserShouldbeAbletoLogin" time="4.117"/>
  <system-out/>
</testsuite> <!-- test.LoginTest -->
